<?xml version="1.0" encoding="UTF-8"?>
<!-- Generated by org.testng.reporters.JUnitXMLReporter -->
<testsuite ignored="0" hostname="DESKTOP-B7QFQL7" failures="0" tests="8" name="Default test" time="19.747" errors="0" timestamp="2025-01-18T23:51:48 EET">
  <testcase classname="myPackage.myTestCases" name="CheckTheDefualtLanguageIsEnglish" time="0.026"/>
  <testcase classname="myPackage.myTestCases" name="CheckTheDefualtCurrency" time="0.023"/>
  <testcase classname="myPackage.myTestCases" name="CheckMobileNumber" time="0.017"/>
  <testcase classname="myPackage.myTestCases" name="CheckQitafLogo" time="0.07"/>
  <testcase classname="myPackage.myTestCases" name="CheckHotelTabIsNotSelected" time="0.023"/>
  <testcase classname="myPackage.myTestCases" name="CheckDepatureDate" time="0.02"/>
  <testcase classname="myPackage.myTestCases" name="CheckRuternDate" time="0.016"/>
  <testcase classname="myPackage.myTestCases" name="RandomlyChangeWebsiteLanguage" time="16.392"/>
</testsuite> <!-- Default test -->
